[debug] [2025-12-23T03:08:13.815Z] ----------------------------------------------------------------------
[debug] [2025-12-23T03:08:13.818Z] Command:       /opt/homebrew/Cellar/node/25.2.1/bin/node /opt/homebrew/bin/firebase init functions
[debug] [2025-12-23T03:08:13.818Z] CLI Version:   15.0.0
[debug] [2025-12-23T03:08:13.818Z] Platform:      darwin
[debug] [2025-12-23T03:08:13.818Z] Node Version:  v25.2.1
[debug] [2025-12-23T03:08:13.818Z] Time:          Mon Dec 22 2025 21:08:13 GMT-0600 (Central Standard Time)
[debug] [2025-12-23T03:08:13.818Z] ----------------------------------------------------------------------
[debug] 
[debug] [2025-12-23T03:08:13.819Z] >>> [apiv2][query] GET https://firebase-public.firebaseio.com/cli.json [none]
[info] 
     ######## #### ########  ######## ########     ###     ######  ########
     ##        ##  ##     ## ##       ##     ##  ##   ##  ##       ##
     ######    ##  ########  ######   ########  #########  ######  ######
     ##        ##  ##    ##  ##       ##     ## ##     ##       ## ##
     ##       #### ##     ## ######## ########  ##     ##  ######  ########

You're about to initialize a Firebase project in this directory:

  /Users/rahulkane/Desktop/studybuddy-homepage

Before we get started, keep in mind:

  * You are initializing within an existing Firebase project directory

[info] 
=== Project Setup
[info] 
[info] First, let's associate this project directory with a Firebase project.
[info] You can create multiple project aliases by running firebase use --add, 
[info] 
[debug] [2025-12-23T03:08:14.527Z] > command requires scopes: ["email","openid","https://www.googleapis.com/auth/cloudplatformprojects.readonly","https://www.googleapis.com/auth/firebase","https://www.googleapis.com/auth/cloud-platform"]
[debug] [2025-12-23T03:08:14.527Z] > authorizing via signed-in user (support@studybuddy.live)
[debug] [2025-12-23T03:08:14.527Z] Checked if tokens are valid: false, expires at: 1765931934929
[debug] [2025-12-23T03:08:14.527Z] Checked if tokens are valid: false, expires at: 1765931934929
[debug] [2025-12-23T03:08:14.527Z] > refreshing access token with scopes: []
[debug] [2025-12-23T03:08:14.528Z] >>> [apiv2][query] POST https://www.googleapis.com/oauth2/v3/token [none]
[debug] [2025-12-23T03:08:14.528Z] >>> [apiv2][body] POST https://www.googleapis.com/oauth2/v3/token [omitted]
[debug] [2025-12-23T03:08:14.608Z] <<< [apiv2][status] GET https://firebase-public.firebaseio.com/cli.json 200
[debug] [2025-12-23T03:08:14.608Z] <<< [apiv2][body] GET https://firebase-public.firebaseio.com/cli.json {"cloudBuildErrorAfter":1594252800000,"cloudBuildWarnAfter":1590019200000,"defaultNode10After":1594252800000,"minVersion":"3.0.5","node8DeploysDisabledAfter":1613390400000,"node8RuntimeDisabledAfter":1615809600000,"node8WarnAfter":1600128000000}
[debug] [2025-12-23T03:08:14.641Z] <<< [apiv2][status] POST https://www.googleapis.com/oauth2/v3/token 400
[debug] [2025-12-23T03:08:14.641Z] <<< [apiv2][body] POST https://www.googleapis.com/oauth2/v3/token [omitted]
[error] Authentication Error: Your credentials are no longer valid. Please run firebase login --reauth

For CI servers and headless environments, generate a new token with firebase login:ci
[error] Authentication Error: Your credentials are no longer valid. Please run firebase login --reauth

For CI servers and headless environments, generate a new token with firebase login:ci
[debug] [2025-12-23T03:08:14.641Z] Authentication Error: Your credentials are no longer valid. Please run firebase login --reauth

For CI servers and headless environments, generate a new token with firebase login:ci
[debug] [2025-12-23T03:08:14.641Z] FirebaseError: Authentication Error: Your credentials are no longer valid. Please run firebase login --reauth

For CI servers and headless environments, generate a new token with firebase login:ci
    at invalidCredentialError (/opt/homebrew/lib/node_modules/firebase-tools/lib/auth.js:167:12)
    at refreshTokens (/opt/homebrew/lib/node_modules/firebase-tools/lib/auth.js:591:15)
    at process.processTicksAndRejections (node:internal/process/task_queues:103:5)
    at async getAccessToken (/opt/homebrew/lib/node_modules/firebase-tools/lib/apiv2.js:42:18)
    at async Client.addAuthHeader (/opt/homebrew/lib/node_modules/firebase-tools/lib/apiv2.js:169:21)
    at async Client.request (/opt/homebrew/lib/node_modules/firebase-tools/lib/apiv2.js:120:34)
    at async getFirebaseProject (/opt/homebrew/lib/node_modules/firebase-tools/lib/management/projects.js:357:21)
    at async usingProject (/opt/homebrew/lib/node_modules/firebase-tools/lib/init/features/project.js:79:16)
    at async Object.doSetup (/opt/homebrew/lib/node_modules/firebase-tools/lib/init/features/project.js:30:9)
    at async init (/opt/homebrew/lib/node_modules/firebase-tools/lib/init/index.js:82:13)
[error] 
[error] Error: Failed to get Firebase project studybuddy-live-teas. Please make sure the project exists and your account has permission to access it.
